ReadMe.txt
Ics.diz
ics_logo.gif
powered_by_ics.gif
ics7spec.zip
InstallIcs.bat
zipicsb.lst
zipicsd.lst
zipics7.lst
zipics.bat
Delphi\Internet\Del40Sam.bpg
Delphi\Internet\Del50Sam.bpg
Delphi\Internet\Del60Sam.bpg
Delphi\Internet\Del70Sam.bpg
Delphi\Internet\DynCli1.dfm
Delphi\Internet\DynCli1.pas
Delphi\Internet\DynCli.dpr
Delphi\Internet\Cli5.dfm
Delphi\Internet\Cli5.pas 
Delphi\Internet\CliDemo.dpr
Delphi\Internet\CliDemo1.pas 
Delphi\Internet\CliDemo1.dfm
Delphi\Internet\Client5.dpr 
Delphi\Internet\Cli7.dfm
Delphi\Internet\Cli7.pas 
Delphi\Internet\Client7.dpr 
Delphi\Internet\Clients.dbf
Delphi\Internet\Clients.mdx 
Delphi\Internet\ConCli1.dpr 
Delphi\Internet\ConCli2.dpr 
Delphi\Internet\ConFtp.dpr 
Delphi\Internet\ConHttp.dpr 
Delphi\Internet\ConSmtp.dpr 
Delphi\Internet\ConSrv1.dpr 
Delphi\Internet\ConSrv1C.pas 
Delphi\Internet\ConSrv1S.pas 
Delphi\Internet\DllTst1.dpr 
Delphi\Internet\DllTst_1.dfm
Delphi\Internet\DllTst_1.pas 
Delphi\Internet\DnsLook.dpr 
Delphi\Internet\DnsLook1.dfm
Delphi\Internet\DnsLook1.pas 
Delphi\Internet\Finger.dpr
Delphi\Internet\Finger1.dfm
Delphi\Internet\Finger1.pas
Delphi\Internet\FtpCli.ico
Delphi\Internet\FtpThrd.dpr 
Delphi\Internet\FtpThrd1.dfm 
Delphi\Internet\FtpThrd1.pas 
Delphi\Internet\FtpTst.dpr 
Delphi\Internet\FtpTst1.dfm 
Delphi\Internet\FtpTst1.pas 
Delphi\Internet\FtpTst2.dfm 
Delphi\Internet\FtpTst2.pas 
Delphi\Internet\FtpServ.dpr 
Delphi\Internet\FtpServ1.dfm 
Delphi\Internet\FtpServ1.pas 
Delphi\Internet\WebServ.dpr
Delphi\Internet\WebServ1.pas
Delphi\Internet\WebServ1.dfm
Delphi\Internet\HttpChk.dpr
Delphi\Internet\HttpChk1.pas
Delphi\Internet\HttpChk1.dfm
Delphi\Internet\HttpDmo.dpr
Delphi\Internet\HttpDmo1.pas
Delphi\Internet\HttpDmo1.dfm
Delphi\Internet\HttpGet.dpr
Delphi\Internet\HttpGet1.dfm
Delphi\Internet\HttpGet1.pas
Delphi\Internet\HttpThrd.dpr
Delphi\Internet\HttpThr1.dfm
Delphi\Internet\HttpThr1.pas
Delphi\Internet\HttpThr2.pas
Delphi\Internet\HttpTst.dpr
Delphi\Internet\HttpTst1.dfm
Delphi\Internet\HttpTst1.pas
Delphi\Internet\HttpPg.dpr
Delphi\Internet\HttpPg1.dfm
Delphi\Internet\HttpPg1.pas
Delphi\Internet\HttpAsp.dpr
Delphi\Internet\HttpAsp1.dfm
Delphi\Internet\HttpAsp1.pas
Delphi\Internet\HttpAsy.dpr
Delphi\Internet\HttpAsy1.dfm
Delphi\Internet\HttpAsy1.pas
Delphi\Internet\IcsDll1.dpr
Delphi\Internet\IcsIsapi.dpr
Delphi\Internet\IcsIsap1.pas
Delphi\Internet\IcsIsap1.dfm
Delphi\Internet\MailRob.dpr 
Delphi\Internet\MailRob1.pas
Delphi\Internet\MailRob1.dfm
Delphi\Internet\MbxSub.dpr
Delphi\Internet\MbxSub1.dfm
Delphi\Internet\MbxSub1.pas
Delphi\Internet\MD5Test1.pas
Delphi\Internet\MD5Test1.dfm
Delphi\Internet\MD5Test.dpr
Delphi\Internet\MimeDemo.dpr 
Delphi\Internet\MimeDmo1.dfm
Delphi\Internet\MimeDmo1.pas
Delphi\Internet\MimeTst.dpr
Delphi\Internet\MimeTst1.pas
Delphi\Internet\MimeTst1.dfm
Delphi\Internet\MtSrv.dpr  
Delphi\Internet\MtSrv.ico
Delphi\Internet\MtSrv.res 
Delphi\Internet\MtSrv1.dfm 
Delphi\Internet\MtSrv1.pas 
Delphi\Internet\MtSrv2.pas 
Delphi\Internet\NewsRdr.dpr
Delphi\Internet\NewsRdr1.pas
Delphi\Internet\NewsRdr1.dfm
Delphi\Internet\NsLook1.dfm
Delphi\Internet\NsLook1.pas
Delphi\Internet\NsLookup.dpr
Delphi\Internet\PingTst.dpr
Delphi\Internet\PingTst1.dfm
Delphi\Internet\PingTst1.pas
Delphi\Internet\Pop3Mime.dpr 
Delphi\Internet\Pop3Mim1.dfm 
Delphi\Internet\Pop3Mim1.pas
Delphi\Internet\PopTst.dpr 
Delphi\Internet\PopTst1.dfm 
Delphi\Internet\PopTst1.pas
Delphi\Internet\PopTst2.dfm 
Delphi\Internet\PopTst2.pas
Delphi\Internet\Server5.dpr 
Delphi\Internet\SocksTst.dpr
Delphi\Internet\Socks1.pas
Delphi\Internet\Socks1.dfm
Delphi\Internet\MailSnd.dpr 
Delphi\Internet\MailSnd1.dfm
Delphi\Internet\MailSnd1.pas
Delphi\Internet\MailRcv.dpr 
Delphi\Internet\MailRcv1.dfm
Delphi\Internet\MailRcv1.pas
Delphi\Internet\MailRcv2.dfm
Delphi\Internet\MailRcv2.pas
Delphi\Internet\Recv.dpr
Delphi\Internet\Recv1.pas
Delphi\Internet\Recv1.dfm
Delphi\Internet\Sender.dpr
Delphi\Internet\Sender1.pas
Delphi\Internet\Sender1.dfm
Delphi\Internet\Srv5.dfm
Delphi\Internet\Srv5.pas 
Delphi\Internet\SrvDemo.dpr
Delphi\Internet\SrvDemo1.pas 
Delphi\Internet\SrvDemo1.dfm
Delphi\Internet\SrvDemo2.pas 
Delphi\Internet\SrvDemo2.dfm
Delphi\Internet\SrvTcp.dpr
Delphi\Internet\SrvTcp1.pas
Delphi\Internet\SrvTcp1.dfm
Delphi\Internet\SvcTcp.dpr
Delphi\Internet\SvcTcp1.pas
Delphi\Internet\SvcTcp1.dfm
Delphi\Internet\TcpCmd.pas
Delphi\Internet\TcpSrv.dpr
Delphi\Internet\TcpSrv1.pas
Delphi\Internet\TcpSrv1.dfm
Delphi\Internet\ThrdSrv.dpr
Delphi\Internet\ThrdSrv1.dfm
Delphi\Internet\ThrdSrv1.pas
Delphi\Internet\TnCli1.dfm
Delphi\Internet\TnCli1.pas   
Delphi\Internet\TnClient.dpr 
Delphi\Internet\TnClient.ico
Delphi\Internet\TnDemo1.dfm
Delphi\Internet\TnDemo1.pas   
Delphi\Internet\TnDemo.dpr 
Delphi\Internet\TnSrv.dpr  
Delphi\Internet\TnSrv.ico 
Delphi\Internet\TnSrv1.dfm 
Delphi\Internet\TnSrv1.pas 
Delphi\Internet\TnSrv2.dfm 
Delphi\Internet\TnSrv2.pas
Delphi\Internet\TWSChat.dpr
Delphi\Internet\TWSChat1.dfm
Delphi\Internet\TWSChat1.pas
Delphi\Internet\UdpLstn.dpr  
Delphi\Internet\UdpLstn1.dfm 
Delphi\Internet\UdpLstn1.pas 
Delphi\Internet\UdpSend.dpr
Delphi\Internet\UdpSend1.dfm 
Delphi\Internet\UdpSend1.pas 
Delphi\Vc32\EmulVT.dcr
Delphi\Vc32\EmulVT.pas
Delphi\Vc32\FingCli.pas
Delphi\Vc32\FingCli.dcr
Delphi\Vc32\FormPos.pas
Delphi\Vc32\FormPos.pas  
Delphi\Vc32\FtpCli.dcr  
Delphi\Vc32\FtpCli.pas  
Delphi\Vc32\FtpSrv.dcr  
Delphi\Vc32\FtpSrv.pas
Delphi\Vc32\FtpSrvc.pas
Delphi\Vc32\FtpSrvt.pas
Delphi\Vc32\HttpProt.pas
Delphi\Vc32\HttpProt.dcr
Delphi\Vc32\HttpSrv.pas
Delphi\Vc32\HttpSrv.dcr
Delphi\Vc32\Icmp.pas
Delphi\Vc32\Mbxfile.pas
Delphi\Vc32\Mbxfile.dcr
Delphi\Vc32\MD5.pas
Delphi\Vc32\MimeDec.pas
Delphi\Vc32\MimeDec.dcr
Delphi\Vc32\NntpCli.pas
Delphi\Vc32\NntpCli.dcr
Delphi\Vc32\DnsQuery.pas
Delphi\Vc32\DnsQuery.dcr
Delphi\Vc32\Ping.pas
Delphi\Vc32\Ping.dcr
Delphi\Vc32\Pop3Prot.dcr
Delphi\Vc32\Pop3Prot.pas  
Delphi\Vc32\Pop3Cli.dcr
Delphi\Vc32\Pop3Cli.pas  
Delphi\Vc32\SmtpProt.dcr
Delphi\Vc32\SmtpProt.pas  
Delphi\Vc32\TnCnx.dcr 
Delphi\Vc32\TnCnx.hlp 
Delphi\Vc32\TnCnx.pas    
Delphi\Vc32\TnEmulVT.dcr
Delphi\Vc32\TnEmulVT.pas 
Delphi\Vc32\TnOptFrm.dfm 
Delphi\Vc32\TnOptFrm.pas
Delphi\Vc32\TnScript.pas
Delphi\Vc32\TnScript.dcr
Delphi\Vc32\UuEncode.pas
Delphi\Vc32\Wait.dcr    
Delphi\Vc32\Wait.pas    
Delphi\Vc32\WSockBuf.pas
Delphi\Vc32\WSocket.dcr 
Delphi\Vc32\WSocket.hlp
Delphi\Vc32\WSocket.ico
Delphi\Vc32\WSocket.pas
Delphi\Vc32\WSocketE.pas
Delphi\Vc32\WSocketS.pas
Delphi\Vc32\WSocketS.dcr
Delphi\Vc32\IcsDel30.dpk
Delphi\Vc32\IcsDel30.res
Delphi\Vc32\IcsDel40.dpk
Delphi\Vc32\IcsDel40.res
Delphi\Vc32\IcsDel50.dpk
Delphi\Vc32\IcsDel50.res
Delphi\Vc32\IcsDel60.dpk
Delphi\Vc32\IcsDel60.res
Delphi\Vc32\IcsDel60.dof
Delphi\Vc32\IcsDel70.dpk
Delphi\Vc32\IcsDel70.res
Delphi\Vc32\IcsDel70.dof
Delphi\Vc32\IcsBcb30.cpp
Delphi\Vc32\IcsBcb30.bpk
Delphi\Vc32\IcsBcb30.res
Delphi\Vc32\IcsBcb40.cpp
Delphi\Vc32\IcsBcb40.bpk
Delphi\Vc32\IcsBcb40.res
Delphi\Vc32\IcsBcb50.cpp
Delphi\Vc32\IcsBcb50.bpk
Delphi\Vc32\IcsBcb50.res
Delphi\Vc32\IcsBcb60.cpp
Delphi\Vc32\IcsBcb60.bpk
Delphi\Vc32\IcsBcb60.res
Delphi\Vc\WinSock.pas 
Delphi\Vc\EmulVT.dcr
Delphi\Vc\FingCli.dcr
Delphi\Vc\FtpCli.dcr  
Delphi\Vc\FtpSrv.dcr  
Delphi\Vc\HttpProt.dcr
Delphi\Vc\HttpSrv.dcr
Delphi\Vc\MbxFile.dcr
Delphi\Vc\MimeDec.dcr
Delphi\Vc\NntpCli.dcr
Delphi\Vc\Pop3Prot.dcr
Delphi\Vc\SmtpProt.dcr
Delphi\Vc\TnCnx.dcr 
Delphi\Vc\TnEmulVT.dcr
Delphi\Vc\TnScript.dcr
Delphi\Vc\Wait.dcr    
Delphi\Vc\WSocket.dcr 
Delphi\Vc\WSocketS.dcr
Delphi\Vc\DnsQuery.dcr
Delphi\Internet\Ics.ico
Delphi1\IcsDel1.bat
Delphi1\Dcc1.bat
Delphi2\IcsDel2.bat
Delphi2\Dcc2.bat
Delphi3\IcsDel3.bat
Delphi3\Dcc3.bat
Bcb1\DelBcb1.mak
Bcb1\IcsBcb1.mak
Bcb1\IcsBcb1.bat
Delphi\Internet\HLembke\DnsQuery.pas
Delphi\Internet\HLembke\NsLook1.dfm
Delphi\Internet\HLembke\NsLook1.pas
Delphi\Internet\HLembke\NsLookup.dpr
Delphi\Internet\HLembke\ReadMe.txt
